{"total": {"lines":{"total":2521,"covered":982,"skipped":0,"pct":38.95},"statements":{"total":2617,"covered":1006,"skipped":0,"pct":38.44},"functions":{"total":532,"covered":164,"skipped":0,"pct":30.82},"branches":{"total":1429,"covered":382,"skipped":0,"pct":26.73},"branchesTrue":{"total":0,"covered":0,"skipped":0,"pct":100}}
,"/home/workspace/Projects/QuestCraft/App.tsx": {"lines":{"total":171,"covered":79,"skipped":0,"pct":46.19},"functions":{"total":42,"covered":12,"skipped":0,"pct":28.57},"statements":{"total":178,"covered":80,"skipped":0,"pct":44.94},"branches":{"total":65,"covered":12,"skipped":0,"pct":18.46}}
,"/home/workspace/Projects/QuestCraft/api/generate.ts": {"lines":{"total":139,"covered":79,"skipped":0,"pct":56.83},"functions":{"total":22,"covered":11,"skipped":0,"pct":50},"statements":{"total":143,"covered":82,"skipped":0,"pct":57.34},"branches":{"total":72,"covered":29,"skipped":0,"pct":40.27}}
,"/home/workspace/Projects/QuestCraft/components/AIAuditLogDrawer.tsx": {"lines":{"total":17,"covered":11,"skipped":0,"pct":64.7},"functions":{"total":7,"covered":3,"skipped":0,"pct":42.85},"statements":{"total":17,"covered":11,"skipped":0,"pct":64.7},"branches":{"total":27,"covered":1,"skipped":0,"pct":3.7}}
,"/home/workspace/Projects/QuestCraft/components/ActionPanel.tsx": {"lines":{"total":40,"covered":0,"skipped":0,"pct":0},"functions":{"total":12,"covered":0,"skipped":0,"pct":0},"statements":{"total":42,"covered":0,"skipped":0,"pct":0},"branches":{"total":35,"covered":0,"skipped":0,"pct":0}}
,"/home/workspace/Projects/QuestCraft/components/ChatDrawer.tsx": {"lines":{"total":103,"covered":68,"skipped":0,"pct":66.01},"functions":{"total":27,"covered":16,"skipped":0,"pct":59.25},"statements":{"total":108,"covered":71,"skipped":0,"pct":65.74},"branches":{"total":66,"covered":45,"skipped":0,"pct":68.18}}
,"/home/workspace/Projects/QuestCraft/components/DocContent.tsx": {"lines":{"total":27,"covered":23,"skipped":0,"pct":85.18},"functions":{"total":7,"covered":6,"skipped":0,"pct":85.71},"statements":{"total":27,"covered":23,"skipped":0,"pct":85.18},"branches":{"total":8,"covered":5,"skipped":0,"pct":62.5}}
,"/home/workspace/Projects/QuestCraft/components/DocsPage.tsx": {"lines":{"total":42,"covered":0,"skipped":0,"pct":0},"functions":{"total":19,"covered":0,"skipped":0,"pct":0},"statements":{"total":46,"covered":0,"skipped":0,"pct":0},"branches":{"total":33,"covered":0,"skipped":0,"pct":0}}
,"/home/workspace/Projects/QuestCraft/components/Drawer.tsx": {"lines":{"total":56,"covered":39,"skipped":0,"pct":69.64},"functions":{"total":15,"covered":11,"skipped":0,"pct":73.33},"statements":{"total":62,"covered":44,"skipped":0,"pct":70.96},"branches":{"total":44,"covered":21,"skipped":0,"pct":47.72}}
,"/home/workspace/Projects/QuestCraft/components/GameBoard.tsx": {"lines":{"total":35,"covered":0,"skipped":0,"pct":0},"functions":{"total":6,"covered":0,"skipped":0,"pct":0},"statements":{"total":35,"covered":0,"skipped":0,"pct":0},"branches":{"total":38,"covered":0,"skipped":0,"pct":0}}
,"/home/workspace/Projects/QuestCraft/components/GamePage.tsx": {"lines":{"total":229,"covered":0,"skipped":0,"pct":0},"functions":{"total":49,"covered":0,"skipped":0,"pct":0},"statements":{"total":241,"covered":0,"skipped":0,"pct":0},"branches":{"total":144,"covered":0,"skipped":0,"pct":0}}
,"/home/workspace/Projects/QuestCraft/components/HamburgerMenu.tsx": {"lines":{"total":9,"covered":8,"skipped":0,"pct":88.88},"functions":{"total":4,"covered":3,"skipped":0,"pct":75},"statements":{"total":9,"covered":8,"skipped":0,"pct":88.88},"branches":{"total":8,"covered":6,"skipped":0,"pct":75}}
,"/home/workspace/Projects/QuestCraft/components/Header.tsx": {"lines":{"total":11,"covered":7,"skipped":0,"pct":63.63},"functions":{"total":6,"covered":3,"skipped":0,"pct":50},"statements":{"total":12,"covered":8,"skipped":0,"pct":66.66},"branches":{"total":4,"covered":2,"skipped":0,"pct":50}}
,"/home/workspace/Projects/QuestCraft/components/HomePage.tsx": {"lines":{"total":8,"covered":5,"skipped":0,"pct":62.5},"functions":{"total":5,"covered":2,"skipped":0,"pct":40},"statements":{"total":8,"covered":5,"skipped":0,"pct":62.5},"branches":{"total":4,"covered":3,"skipped":0,"pct":75}}
,"/home/workspace/Projects/QuestCraft/components/PlayerDashboard.tsx": {"lines":{"total":13,"covered":0,"skipped":0,"pct":0},"functions":{"total":4,"covered":0,"skipped":0,"pct":0},"statements":{"total":13,"covered":0,"skipped":0,"pct":0},"branches":{"total":14,"covered":0,"skipped":0,"pct":0}}
,"/home/workspace/Projects/QuestCraft/components/QuestMakerWizard.tsx": {"lines":{"total":292,"covered":0,"skipped":0,"pct":0},"functions":{"total":92,"covered":0,"skipped":0,"pct":0},"statements":{"total":308,"covered":0,"skipped":0,"pct":0},"branches":{"total":200,"covered":0,"skipped":0,"pct":0}}
,"/home/workspace/Projects/QuestCraft/components/SettingsDrawer.tsx": {"lines":{"total":110,"covered":2,"skipped":0,"pct":1.81},"functions":{"total":46,"covered":0,"skipped":0,"pct":0},"statements":{"total":116,"covered":2,"skipped":0,"pct":1.72},"branches":{"total":72,"covered":0,"skipped":0,"pct":0}}
,"/home/workspace/Projects/QuestCraft/components/SettingsPage.tsx": {"lines":{"total":103,"covered":0,"skipped":0,"pct":0},"functions":{"total":38,"covered":0,"skipped":0,"pct":0},"statements":{"total":109,"covered":0,"skipped":0,"pct":0},"branches":{"total":32,"covered":0,"skipped":0,"pct":0}}
,"/home/workspace/Projects/QuestCraft/components/StatusBar.tsx": {"lines":{"total":22,"covered":20,"skipped":0,"pct":90.9},"functions":{"total":3,"covered":3,"skipped":0,"pct":100},"statements":{"total":24,"covered":20,"skipped":0,"pct":83.33},"branches":{"total":20,"covered":11,"skipped":0,"pct":55}}
,"/home/workspace/Projects/QuestCraft/components/WelcomeScreen.tsx": {"lines":{"total":51,"covered":1,"skipped":0,"pct":1.96},"functions":{"total":10,"covered":0,"skipped":0,"pct":0},"statements":{"total":52,"covered":1,"skipped":0,"pct":1.92},"branches":{"total":24,"covered":0,"skipped":0,"pct":0}}
,"/home/workspace/Projects/QuestCraft/services/aiConnectivityService.ts": {"lines":{"total":13,"covered":11,"skipped":0,"pct":84.61},"functions":{"total":3,"covered":3,"skipped":0,"pct":100},"statements":{"total":13,"covered":11,"skipped":0,"pct":84.61},"branches":{"total":2,"covered":2,"skipped":0,"pct":100}}
,"/home/workspace/Projects/QuestCraft/services/aiService.ts": {"lines":{"total":574,"covered":245,"skipped":0,"pct":42.68},"functions":{"total":38,"covered":25,"skipped":0,"pct":65.78},"statements":{"total":591,"covered":250,"skipped":0,"pct":42.3},"branches":{"total":311,"covered":91,"skipped":0,"pct":29.26}}
,"/home/workspace/Projects/QuestCraft/services/auditLogService.ts": {"lines":{"total":22,"covered":20,"skipped":0,"pct":90.9},"functions":{"total":4,"covered":4,"skipped":0,"pct":100},"statements":{"total":22,"covered":20,"skipped":0,"pct":90.9},"branches":{"total":2,"covered":2,"skipped":0,"pct":100}}
,"/home/workspace/Projects/QuestCraft/services/gameStateService.ts": {"lines":{"total":17,"covered":17,"skipped":0,"pct":100},"functions":{"total":3,"covered":3,"skipped":0,"pct":100},"statements":{"total":17,"covered":17,"skipped":0,"pct":100},"branches":{"total":6,"covered":5,"skipped":0,"pct":83.33}}
,"/home/workspace/Projects/QuestCraft/services/i18n.ts": {"lines":{"total":31,"covered":23,"skipped":0,"pct":74.19},"functions":{"total":7,"covered":5,"skipped":0,"pct":71.42},"statements":{"total":31,"covered":23,"skipped":0,"pct":74.19},"branches":{"total":9,"covered":5,"skipped":0,"pct":55.55}}
,"/home/workspace/Projects/QuestCraft/services/logger.ts": {"lines":{"total":32,"covered":28,"skipped":0,"pct":87.5},"functions":{"total":10,"covered":9,"skipped":0,"pct":90},"statements":{"total":34,"covered":29,"skipped":0,"pct":85.29},"branches":{"total":14,"covered":7,"skipped":0,"pct":50}}
,"/home/workspace/Projects/QuestCraft/services/modelCapabilityDetector.ts": {"lines":{"total":13,"covered":13,"skipped":0,"pct":100},"functions":{"total":2,"covered":2,"skipped":0,"pct":100},"statements":{"total":13,"covered":13,"skipped":0,"pct":100},"branches":{"total":16,"covered":15,"skipped":0,"pct":93.75}}
,"/home/workspace/Projects/QuestCraft/services/promptManager.ts": {"lines":{"total":31,"covered":30,"skipped":0,"pct":96.77},"functions":{"total":4,"covered":4,"skipped":0,"pct":100},"statements":{"total":31,"covered":30,"skipped":0,"pct":96.77},"branches":{"total":19,"covered":15,"skipped":0,"pct":78.94}}
,"/home/workspace/Projects/QuestCraft/services/questPreGenerator.ts": {"lines":{"total":59,"covered":45,"skipped":0,"pct":76.27},"functions":{"total":6,"covered":4,"skipped":0,"pct":66.66},"statements":{"total":59,"covered":45,"skipped":0,"pct":76.27},"branches":{"total":20,"covered":16,"skipped":0,"pct":80}}
,"/home/workspace/Projects/QuestCraft/services/schemas.ts": {"lines":{"total":10,"covered":10,"skipped":0,"pct":100},"functions":{"total":0,"covered":0,"skipped":0,"pct":100},"statements":{"total":10,"covered":10,"skipped":0,"pct":100},"branches":{"total":0,"covered":0,"skipped":0,"pct":100}}
,"/home/workspace/Projects/QuestCraft/services/settingsService.ts": {"lines":{"total":63,"covered":58,"skipped":0,"pct":92.06},"functions":{"total":12,"covered":12,"skipped":0,"pct":100},"statements":{"total":65,"covered":60,"skipped":0,"pct":92.3},"branches":{"total":16,"covered":15,"skipped":0,"pct":93.75}}
,"/home/workspace/Projects/QuestCraft/services/statsService.ts": {"lines":{"total":60,"covered":56,"skipped":0,"pct":93.33},"functions":{"total":10,"covered":10,"skipped":0,"pct":100},"statements":{"total":61,"covered":57,"skipped":0,"pct":93.44},"branches":{"total":39,"covered":34,"skipped":0,"pct":87.17}}
,"/home/workspace/Projects/QuestCraft/services/storageService.ts": {"lines":{"total":29,"covered":25,"skipped":0,"pct":86.2},"functions":{"total":5,"covered":5,"skipped":0,"pct":100},"statements":{"total":30,"covered":26,"skipped":0,"pct":86.66},"branches":{"total":16,"covered":15,"skipped":0,"pct":93.75}}
,"/home/workspace/Projects/QuestCraft/services/webSearchService.ts": {"lines":{"total":66,"covered":39,"skipped":0,"pct":59.09},"functions":{"total":9,"covered":5,"skipped":0,"pct":55.55},"statements":{"total":67,"covered":40,"skipped":0,"pct":59.7},"branches":{"total":37,"covered":15,"skipped":0,"pct":40.54}}
,"/home/workspace/Projects/QuestCraft/shared/actions.ts": {"lines":{"total":5,"covered":5,"skipped":0,"pct":100},"functions":{"total":1,"covered":1,"skipped":0,"pct":100},"statements":{"total":5,"covered":5,"skipped":0,"pct":100},"branches":{"total":0,"covered":0,"skipped":0,"pct":100}}
,"/home/workspace/Projects/QuestCraft/shared/prompts.ts": {"lines":{"total":3,"covered":1,"skipped":0,"pct":33.33},"functions":{"total":2,"covered":0,"skipped":0,"pct":0},"statements":{"total":3,"covered":1,"skipped":0,"pct":33.33},"branches":{"total":1,"covered":0,"skipped":0,"pct":0}}
,"/home/workspace/Projects/QuestCraft/utils/localization.ts": {"lines":{"total":13,"covered":12,"skipped":0,"pct":92.3},"functions":{"total":1,"covered":1,"skipped":0,"pct":100},"statements":{"total":13,"covered":12,"skipped":0,"pct":92.3},"branches":{"total":11,"covered":10,"skipped":0,"pct":90.9}}
,"/home/workspace/Projects/QuestCraft/utils/sanitizeHtml.ts": {"lines":{"total":2,"covered":2,"skipped":0,"pct":100},"functions":{"total":1,"covered":1,"skipped":0,"pct":100},"statements":{"total":2,"covered":2,"skipped":0,"pct":100},"branches":{"total":0,"covered":0,"skipped":0,"pct":100}}
}
